<?xml version="1.0" encoding="UTF-8"?>
<testsuite xmlns:xsi="http://www.w3.org/2001/XMLSchema-instance" xsi:noNamespaceSchemaLocation="https://maven.apache.org/surefire/maven-surefire-plugin/xsd/surefire-test-report.xsd" name="com.syb.VueblogApplicationTests" time="5.877" tests="1" errors="0" skipped="0" failures="0">
  <properties>
    <property name="sun.desktop" value="windows"/>
    <property name="awt.toolkit" value="sun.awt.windows.WToolkit"/>
    <property name="java.specification.version" value="10"/>
    <property name="file.encoding.pkg" value="sun.io"/>
    <property name="sun.cpu.isalist" value="amd64"/>
    <property name="sun.jnu.encoding" value="GBK"/>
    <property name="java.class.path" value="D:\Project\Idea Project\vueblog\target\test-classes;D:\Project\Idea Project\vueblog\target\classes;D:\apache-maven-3.6.3\mvnrep\javax\xml\bind\jaxb-api\2.3.0\jaxb-api-2.3.0.jar;D:\apache-maven-3.6.3\mvnrep\com\sun\xml\bind\jaxb-impl\2.3.0\jaxb-impl-2.3.0.jar;D:\apache-maven-3.6.3\mvnrep\com\sun\xml\bind\jaxb-core\2.3.0\jaxb-core-2.3.0.jar;D:\apache-maven-3.6.3\mvnrep\javax\activation\activation\1.1.1\activation-1.1.1.jar;D:\apache-maven-3.6.3\mvnrep\org\crazycake\shiro-redis-spring-boot-starter\3.2.1\shiro-redis-spring-boot-starter-3.2.1.jar;D:\apache-maven-3.6.3\mvnrep\org\springframework\boot\spring-boot-autoconfigure\2.2.6.RELEASE\spring-boot-autoconfigure-2.2.6.RELEASE.jar;D:\apache-maven-3.6.3\mvnrep\org\crazycake\shiro-redis\3.2.0\shiro-redis-3.2.0.jar;D:\apache-maven-3.6.3\mvnrep\redis\clients\jedis\3.1.0\jedis-3.1.0.jar;D:\apache-maven-3.6.3\mvnrep\org\apache\commons\commons-pool2\2.7.0\commons-pool2-2.7.0.jar;D:\apache-maven-3.6.3\mvnrep\org\slf4j\slf4j-api\1.7.30\slf4j-api-1.7.30.jar;D:\apache-maven-3.6.3\mvnrep\org\apache\shiro\shiro-core\1.3.2\shiro-core-1.3.2.jar;D:\apache-maven-3.6.3\mvnrep\commons-beanutils\commons-beanutils\1.8.3\commons-beanutils-1.8.3.jar;D:\apache-maven-3.6.3\mvnrep\com\puppycrawl\tools\checkstyle\8.3\checkstyle-8.3.jar;D:\apache-maven-3.6.3\mvnrep\antlr\antlr\2.7.7\antlr-2.7.7.jar;D:\apache-maven-3.6.3\mvnrep\org\antlr\antlr4-runtime\4.7\antlr4-runtime-4.7.jar;D:\apache-maven-3.6.3\mvnrep\commons-cli\commons-cli\1.4\commons-cli-1.4.jar;D:\apache-maven-3.6.3\mvnrep\com\google\guava\guava\23.0\guava-23.0.jar;D:\apache-maven-3.6.3\mvnrep\com\google\code\findbugs\jsr305\1.3.9\jsr305-1.3.9.jar;D:\apache-maven-3.6.3\mvnrep\com\google\errorprone\error_prone_annotations\2.0.18\error_prone_annotations-2.0.18.jar;D:\apache-maven-3.6.3\mvnrep\com\google\j2objc\j2objc-annotations\1.1\j2objc-annotations-1.1.jar;D:\apache-maven-3.6.3\mvnrep\org\codehaus\mojo\animal-sniffer-annotations\1.14\animal-sniffer-annotations-1.14.jar;D:\apache-maven-3.6.3\mvnrep\net\sf\saxon\Saxon-HE\9.8.0-4\Saxon-HE-9.8.0-4.jar;D:\apache-maven-3.6.3\mvnrep\org\apache\shiro\shiro-spring-boot-web-starter\1.4.0-RC2\shiro-spring-boot-web-starter-1.4.0-RC2.jar;D:\apache-maven-3.6.3\mvnrep\org\apache\shiro\shiro-spring\1.4.0-RC2\shiro-spring-1.4.0-RC2.jar;D:\apache-maven-3.6.3\mvnrep\org\apache\shiro\shiro-web\1.4.0-RC2\shiro-web-1.4.0-RC2.jar;D:\apache-maven-3.6.3\mvnrep\cn\hutool\hutool-all\5.3.3\hutool-all-5.3.3.jar;D:\apache-maven-3.6.3\mvnrep\io\jsonwebtoken\jjwt\0.9.1\jjwt-0.9.1.jar;D:\apache-maven-3.6.3\mvnrep\com\fasterxml\jackson\core\jackson-databind\2.10.3\jackson-databind-2.10.3.jar;D:\apache-maven-3.6.3\mvnrep\com\fasterxml\jackson\core\jackson-annotations\2.10.3\jackson-annotations-2.10.3.jar;D:\apache-maven-3.6.3\mvnrep\com\fasterxml\jackson\core\jackson-core\2.10.3\jackson-core-2.10.3.jar;D:\apache-maven-3.6.3\mvnrep\org\springframework\boot\spring-boot-starter-web\2.2.6.RELEASE\spring-boot-starter-web-2.2.6.RELEASE.jar;D:\apache-maven-3.6.3\mvnrep\org\springframework\boot\spring-boot-starter\2.2.6.RELEASE\spring-boot-starter-2.2.6.RELEASE.jar;D:\apache-maven-3.6.3\mvnrep\org\springframework\boot\spring-boot-starter-logging\2.2.6.RELEASE\spring-boot-starter-logging-2.2.6.RELEASE.jar;D:\apache-maven-3.6.3\mvnrep\ch\qos\logback\logback-classic\1.2.3\logback-classic-1.2.3.jar;D:\apache-maven-3.6.3\mvnrep\ch\qos\logback\logback-core\1.2.3\logback-core-1.2.3.jar;D:\apache-maven-3.6.3\mvnrep\org\apache\logging\log4j\log4j-to-slf4j\2.12.1\log4j-to-slf4j-2.12.1.jar;D:\apache-maven-3.6.3\mvnrep\org\apache\logging\log4j\log4j-api\2.12.1\log4j-api-2.12.1.jar;D:\apache-maven-3.6.3\mvnrep\org\slf4j\jul-to-slf4j\1.7.30\jul-to-slf4j-1.7.30.jar;D:\apache-maven-3.6.3\mvnrep\jakarta\annotation\jakarta.annotation-api\1.3.5\jakarta.annotation-api-1.3.5.jar;D:\apache-maven-3.6.3\mvnrep\org\yaml\snakeyaml\1.25\snakeyaml-1.25.jar;D:\apache-maven-3.6.3\mvnrep\org\springframework\boot\spring-boot-starter-json\2.2.6.RELEASE\spring-boot-starter-json-2.2.6.RELEASE.jar;D:\apache-maven-3.6.3\mvnrep\com\fasterxml\jackson\datatype\jackson-datatype-jdk8\2.10.3\jackson-datatype-jdk8-2.10.3.jar;D:\apache-maven-3.6.3\mvnrep\com\fasterxml\jackson\datatype\jackson-datatype-jsr310\2.10.3\jackson-datatype-jsr310-2.10.3.jar;D:\apache-maven-3.6.3\mvnrep\com\fasterxml\jackson\module\jackson-module-parameter-names\2.10.3\jackson-module-parameter-names-2.10.3.jar;D:\apache-maven-3.6.3\mvnrep\org\springframework\boot\spring-boot-starter-tomcat\2.2.6.RELEASE\spring-boot-starter-tomcat-2.2.6.RELEASE.jar;D:\apache-maven-3.6.3\mvnrep\org\apache\tomcat\embed\tomcat-embed-core\9.0.33\tomcat-embed-core-9.0.33.jar;D:\apache-maven-3.6.3\mvnrep\org\apache\tomcat\embed\tomcat-embed-el\9.0.33\tomcat-embed-el-9.0.33.jar;D:\apache-maven-3.6.3\mvnrep\org\apache\tomcat\embed\tomcat-embed-websocket\9.0.33\tomcat-embed-websocket-9.0.33.jar;D:\apache-maven-3.6.3\mvnrep\org\springframework\boot\spring-boot-starter-validation\2.2.6.RELEASE\spring-boot-starter-validation-2.2.6.RELEASE.jar;D:\apache-maven-3.6.3\mvnrep\jakarta\validation\jakarta.validation-api\2.0.2\jakarta.validation-api-2.0.2.jar;D:\apache-maven-3.6.3\mvnrep\org\hibernate\validator\hibernate-validator\6.0.18.Final\hibernate-validator-6.0.18.Final.jar;D:\apache-maven-3.6.3\mvnrep\org\jboss\logging\jboss-logging\3.4.1.Final\jboss-logging-3.4.1.Final.jar;D:\apache-maven-3.6.3\mvnrep\com\fasterxml\classmate\1.5.1\classmate-1.5.1.jar;D:\apache-maven-3.6.3\mvnrep\org\springframework\spring-web\5.2.5.RELEASE\spring-web-5.2.5.RELEASE.jar;D:\apache-maven-3.6.3\mvnrep\org\springframework\spring-beans\5.2.5.RELEASE\spring-beans-5.2.5.RELEASE.jar;D:\apache-maven-3.6.3\mvnrep\org\springframework\spring-webmvc\5.2.5.RELEASE\spring-webmvc-5.2.5.RELEASE.jar;D:\apache-maven-3.6.3\mvnrep\org\springframework\spring-aop\5.2.5.RELEASE\spring-aop-5.2.5.RELEASE.jar;D:\apache-maven-3.6.3\mvnrep\org\springframework\spring-context\5.2.5.RELEASE\spring-context-5.2.5.RELEASE.jar;D:\apache-maven-3.6.3\mvnrep\org\springframework\spring-expression\5.2.5.RELEASE\spring-expression-5.2.5.RELEASE.jar;D:\apache-maven-3.6.3\mvnrep\org\springframework\boot\spring-boot-devtools\2.2.6.RELEASE\spring-boot-devtools-2.2.6.RELEASE.jar;D:\apache-maven-3.6.3\mvnrep\org\springframework\boot\spring-boot\2.2.6.RELEASE\spring-boot-2.2.6.RELEASE.jar;D:\apache-maven-3.6.3\mvnrep\org\projectlombok\lombok\1.18.12\lombok-1.18.12.jar;D:\apache-maven-3.6.3\mvnrep\org\springframework\boot\spring-boot-starter-test\2.2.6.RELEASE\spring-boot-starter-test-2.2.6.RELEASE.jar;D:\apache-maven-3.6.3\mvnrep\org\springframework\boot\spring-boot-test\2.2.6.RELEASE\spring-boot-test-2.2.6.RELEASE.jar;D:\apache-maven-3.6.3\mvnrep\org\springframework\boot\spring-boot-test-autoconfigure\2.2.6.RELEASE\spring-boot-test-autoconfigure-2.2.6.RELEASE.jar;D:\apache-maven-3.6.3\mvnrep\com\jayway\jsonpath\json-path\2.4.0\json-path-2.4.0.jar;D:\apache-maven-3.6.3\mvnrep\net\minidev\json-smart\2.3\json-smart-2.3.jar;D:\apache-maven-3.6.3\mvnrep\net\minidev\accessors-smart\1.2\accessors-smart-1.2.jar;D:\apache-maven-3.6.3\mvnrep\org\ow2\asm\asm\5.0.4\asm-5.0.4.jar;D:\apache-maven-3.6.3\mvnrep\jakarta\xml\bind\jakarta.xml.bind-api\2.3.3\jakarta.xml.bind-api-2.3.3.jar;D:\apache-maven-3.6.3\mvnrep\jakarta\activation\jakarta.activation-api\1.2.2\jakarta.activation-api-1.2.2.jar;D:\apache-maven-3.6.3\mvnrep\org\junit\jupiter\junit-jupiter\5.5.2\junit-jupiter-5.5.2.jar;D:\apache-maven-3.6.3\mvnrep\org\junit\jupiter\junit-jupiter-api\5.5.2\junit-jupiter-api-5.5.2.jar;D:\apache-maven-3.6.3\mvnrep\org\apiguardian\apiguardian-api\1.1.0\apiguardian-api-1.1.0.jar;D:\apache-maven-3.6.3\mvnrep\org\opentest4j\opentest4j\1.2.0\opentest4j-1.2.0.jar;D:\apache-maven-3.6.3\mvnrep\org\junit\platform\junit-platform-commons\1.5.2\junit-platform-commons-1.5.2.jar;D:\apache-maven-3.6.3\mvnrep\org\junit\jupiter\junit-jupiter-params\5.5.2\junit-jupiter-params-5.5.2.jar;D:\apache-maven-3.6.3\mvnrep\org\junit\jupiter\junit-jupiter-engine\5.5.2\junit-jupiter-engine-5.5.2.jar;D:\apache-maven-3.6.3\mvnrep\org\junit\platform\junit-platform-engine\1.5.2\junit-platform-engine-1.5.2.jar;D:\apache-maven-3.6.3\mvnrep\org\mockito\mockito-junit-jupiter\3.1.0\mockito-junit-jupiter-3.1.0.jar;D:\apache-maven-3.6.3\mvnrep\org\assertj\assertj-core\3.13.2\assertj-core-3.13.2.jar;D:\apache-maven-3.6.3\mvnrep\org\hamcrest\hamcrest\2.1\hamcrest-2.1.jar;D:\apache-maven-3.6.3\mvnrep\org\mockito\mockito-core\3.1.0\mockito-core-3.1.0.jar;D:\apache-maven-3.6.3\mvnrep\net\bytebuddy\byte-buddy\1.10.8\byte-buddy-1.10.8.jar;D:\apache-maven-3.6.3\mvnrep\net\bytebuddy\byte-buddy-agent\1.10.8\byte-buddy-agent-1.10.8.jar;D:\apache-maven-3.6.3\mvnrep\org\objenesis\objenesis\2.6\objenesis-2.6.jar;D:\apache-maven-3.6.3\mvnrep\org\skyscreamer\jsonassert\1.5.0\jsonassert-1.5.0.jar;D:\apache-maven-3.6.3\mvnrep\com\vaadin\external\google\android-json\0.0.20131108.vaadin1\android-json-0.0.20131108.vaadin1.jar;D:\apache-maven-3.6.3\mvnrep\org\springframework\spring-core\5.2.5.RELEASE\spring-core-5.2.5.RELEASE.jar;D:\apache-maven-3.6.3\mvnrep\org\springframework\spring-jcl\5.2.5.RELEASE\spring-jcl-5.2.5.RELEASE.jar;D:\apache-maven-3.6.3\mvnrep\org\springframework\spring-test\5.2.5.RELEASE\spring-test-5.2.5.RELEASE.jar;D:\apache-maven-3.6.3\mvnrep\org\xmlunit\xmlunit-core\2.6.4\xmlunit-core-2.6.4.jar;D:\apache-maven-3.6.3\mvnrep\com\baomidou\mybatis-plus-boot-starter\3.2.0\mybatis-plus-boot-starter-3.2.0.jar;D:\apache-maven-3.6.3\mvnrep\com\baomidou\mybatis-plus\3.2.0\mybatis-plus-3.2.0.jar;D:\apache-maven-3.6.3\mvnrep\org\springframework\boot\spring-boot-starter-jdbc\2.2.6.RELEASE\spring-boot-starter-jdbc-2.2.6.RELEASE.jar;D:\apache-maven-3.6.3\mvnrep\com\zaxxer\HikariCP\3.4.2\HikariCP-3.4.2.jar;D:\apache-maven-3.6.3\mvnrep\org\springframework\spring-jdbc\5.2.5.RELEASE\spring-jdbc-5.2.5.RELEASE.jar;D:\apache-maven-3.6.3\mvnrep\org\springframework\spring-tx\5.2.5.RELEASE\spring-tx-5.2.5.RELEASE.jar;D:\apache-maven-3.6.3\mvnrep\org\springframework\boot\spring-boot-starter-freemarker\2.2.6.RELEASE\spring-boot-starter-freemarker-2.2.6.RELEASE.jar;D:\apache-maven-3.6.3\mvnrep\org\freemarker\freemarker\2.3.30\freemarker-2.3.30.jar;D:\apache-maven-3.6.3\mvnrep\org\springframework\spring-context-support\5.2.5.RELEASE\spring-context-support-5.2.5.RELEASE.jar;D:\apache-maven-3.6.3\mvnrep\mysql\mysql-connector-java\8.0.19\mysql-connector-java-8.0.19.jar;D:\apache-maven-3.6.3\mvnrep\com\baomidou\mybatis-plus-generator\3.2.0\mybatis-plus-generator-3.2.0.jar;D:\apache-maven-3.6.3\mvnrep\com\baomidou\mybatis-plus-extension\3.2.0\mybatis-plus-extension-3.2.0.jar;D:\apache-maven-3.6.3\mvnrep\com\baomidou\mybatis-plus-core\3.2.0\mybatis-plus-core-3.2.0.jar;D:\apache-maven-3.6.3\mvnrep\com\baomidou\mybatis-plus-annotation\3.2.0\mybatis-plus-annotation-3.2.0.jar;D:\apache-maven-3.6.3\mvnrep\com\github\jsqlparser\jsqlparser\2.1\jsqlparser-2.1.jar;D:\apache-maven-3.6.3\mvnrep\org\mybatis\mybatis\3.5.2\mybatis-3.5.2.jar;D:\apache-maven-3.6.3\mvnrep\org\mybatis\mybatis-spring\2.0.2\mybatis-spring-2.0.2.jar;"/>
    <property name="java.vm.vendor" value="&quot;Oracle Corporation&quot;"/>
    <property name="sun.arch.data.model" value="64"/>
    <property name="user.variant" value=""/>
    <property name="java.vendor.url" value="http://java.oracle.com/"/>
    <property name="user.timezone" value="Asia/Shanghai"/>
    <property name="java.vm.specification.version" value="10"/>
    <property name="os.name" value="Windows 10"/>
    <property name="sun.java.launcher" value="SUN_STANDARD"/>
    <property name="user.country" value="CN"/>
    <property name="sun.boot.library.path" value="C:\Program Files\Java\jdk10.0.2\bin"/>
    <property name="sun.java.command" value="C:\Users\hp\AppData\Local\Temp\surefire6031114984105362933\surefirebooter13287005464623060751.jar C:\Users\hp\AppData\Local\Temp\surefire6031114984105362933 2020-06-27T09-44-43_036-jvmRun1 surefire3452648382881792742tmp surefire_014791948754127028056tmp"/>
    <property name="jdk.debug" value="release"/>
    <property name="surefire.test.class.path" value="D:\Project\Idea Project\vueblog\target\test-classes;D:\Project\Idea Project\vueblog\target\classes;D:\apache-maven-3.6.3\mvnrep\javax\xml\bind\jaxb-api\2.3.0\jaxb-api-2.3.0.jar;D:\apache-maven-3.6.3\mvnrep\com\sun\xml\bind\jaxb-impl\2.3.0\jaxb-impl-2.3.0.jar;D:\apache-maven-3.6.3\mvnrep\com\sun\xml\bind\jaxb-core\2.3.0\jaxb-core-2.3.0.jar;D:\apache-maven-3.6.3\mvnrep\javax\activation\activation\1.1.1\activation-1.1.1.jar;D:\apache-maven-3.6.3\mvnrep\org\crazycake\shiro-redis-spring-boot-starter\3.2.1\shiro-redis-spring-boot-starter-3.2.1.jar;D:\apache-maven-3.6.3\mvnrep\org\springframework\boot\spring-boot-autoconfigure\2.2.6.RELEASE\spring-boot-autoconfigure-2.2.6.RELEASE.jar;D:\apache-maven-3.6.3\mvnrep\org\crazycake\shiro-redis\3.2.0\shiro-redis-3.2.0.jar;D:\apache-maven-3.6.3\mvnrep\redis\clients\jedis\3.1.0\jedis-3.1.0.jar;D:\apache-maven-3.6.3\mvnrep\org\apache\commons\commons-pool2\2.7.0\commons-pool2-2.7.0.jar;D:\apache-maven-3.6.3\mvnrep\org\slf4j\slf4j-api\1.7.30\slf4j-api-1.7.30.jar;D:\apache-maven-3.6.3\mvnrep\org\apache\shiro\shiro-core\1.3.2\shiro-core-1.3.2.jar;D:\apache-maven-3.6.3\mvnrep\commons-beanutils\commons-beanutils\1.8.3\commons-beanutils-1.8.3.jar;D:\apache-maven-3.6.3\mvnrep\com\puppycrawl\tools\checkstyle\8.3\checkstyle-8.3.jar;D:\apache-maven-3.6.3\mvnrep\antlr\antlr\2.7.7\antlr-2.7.7.jar;D:\apache-maven-3.6.3\mvnrep\org\antlr\antlr4-runtime\4.7\antlr4-runtime-4.7.jar;D:\apache-maven-3.6.3\mvnrep\commons-cli\commons-cli\1.4\commons-cli-1.4.jar;D:\apache-maven-3.6.3\mvnrep\com\google\guava\guava\23.0\guava-23.0.jar;D:\apache-maven-3.6.3\mvnrep\com\google\code\findbugs\jsr305\1.3.9\jsr305-1.3.9.jar;D:\apache-maven-3.6.3\mvnrep\com\google\errorprone\error_prone_annotations\2.0.18\error_prone_annotations-2.0.18.jar;D:\apache-maven-3.6.3\mvnrep\com\google\j2objc\j2objc-annotations\1.1\j2objc-annotations-1.1.jar;D:\apache-maven-3.6.3\mvnrep\org\codehaus\mojo\animal-sniffer-annotations\1.14\animal-sniffer-annotations-1.14.jar;D:\apache-maven-3.6.3\mvnrep\net\sf\saxon\Saxon-HE\9.8.0-4\Saxon-HE-9.8.0-4.jar;D:\apache-maven-3.6.3\mvnrep\org\apache\shiro\shiro-spring-boot-web-starter\1.4.0-RC2\shiro-spring-boot-web-starter-1.4.0-RC2.jar;D:\apache-maven-3.6.3\mvnrep\org\apache\shiro\shiro-spring\1.4.0-RC2\shiro-spring-1.4.0-RC2.jar;D:\apache-maven-3.6.3\mvnrep\org\apache\shiro\shiro-web\1.4.0-RC2\shiro-web-1.4.0-RC2.jar;D:\apache-maven-3.6.3\mvnrep\cn\hutool\hutool-all\5.3.3\hutool-all-5.3.3.jar;D:\apache-maven-3.6.3\mvnrep\io\jsonwebtoken\jjwt\0.9.1\jjwt-0.9.1.jar;D:\apache-maven-3.6.3\mvnrep\com\fasterxml\jackson\core\jackson-databind\2.10.3\jackson-databind-2.10.3.jar;D:\apache-maven-3.6.3\mvnrep\com\fasterxml\jackson\core\jackson-annotations\2.10.3\jackson-annotations-2.10.3.jar;D:\apache-maven-3.6.3\mvnrep\com\fasterxml\jackson\core\jackson-core\2.10.3\jackson-core-2.10.3.jar;D:\apache-maven-3.6.3\mvnrep\org\springframework\boot\spring-boot-starter-web\2.2.6.RELEASE\spring-boot-starter-web-2.2.6.RELEASE.jar;D:\apache-maven-3.6.3\mvnrep\org\springframework\boot\spring-boot-starter\2.2.6.RELEASE\spring-boot-starter-2.2.6.RELEASE.jar;D:\apache-maven-3.6.3\mvnrep\org\springframework\boot\spring-boot-starter-logging\2.2.6.RELEASE\spring-boot-starter-logging-2.2.6.RELEASE.jar;D:\apache-maven-3.6.3\mvnrep\ch\qos\logback\logback-classic\1.2.3\logback-classic-1.2.3.jar;D:\apache-maven-3.6.3\mvnrep\ch\qos\logback\logback-core\1.2.3\logback-core-1.2.3.jar;D:\apache-maven-3.6.3\mvnrep\org\apache\logging\log4j\log4j-to-slf4j\2.12.1\log4j-to-slf4j-2.12.1.jar;D:\apache-maven-3.6.3\mvnrep\org\apache\logging\log4j\log4j-api\2.12.1\log4j-api-2.12.1.jar;D:\apache-maven-3.6.3\mvnrep\org\slf4j\jul-to-slf4j\1.7.30\jul-to-slf4j-1.7.30.jar;D:\apache-maven-3.6.3\mvnrep\jakarta\annotation\jakarta.annotation-api\1.3.5\jakarta.annotation-api-1.3.5.jar;D:\apache-maven-3.6.3\mvnrep\org\yaml\snakeyaml\1.25\snakeyaml-1.25.jar;D:\apache-maven-3.6.3\mvnrep\org\springframework\boot\spring-boot-starter-json\2.2.6.RELEASE\spring-boot-starter-json-2.2.6.RELEASE.jar;D:\apache-maven-3.6.3\mvnrep\com\fasterxml\jackson\datatype\jackson-datatype-jdk8\2.10.3\jackson-datatype-jdk8-2.10.3.jar;D:\apache-maven-3.6.3\mvnrep\com\fasterxml\jackson\datatype\jackson-datatype-jsr310\2.10.3\jackson-datatype-jsr310-2.10.3.jar;D:\apache-maven-3.6.3\mvnrep\com\fasterxml\jackson\module\jackson-module-parameter-names\2.10.3\jackson-module-parameter-names-2.10.3.jar;D:\apache-maven-3.6.3\mvnrep\org\springframework\boot\spring-boot-starter-tomcat\2.2.6.RELEASE\spring-boot-starter-tomcat-2.2.6.RELEASE.jar;D:\apache-maven-3.6.3\mvnrep\org\apache\tomcat\embed\tomcat-embed-core\9.0.33\tomcat-embed-core-9.0.33.jar;D:\apache-maven-3.6.3\mvnrep\org\apache\tomcat\embed\tomcat-embed-el\9.0.33\tomcat-embed-el-9.0.33.jar;D:\apache-maven-3.6.3\mvnrep\org\apache\tomcat\embed\tomcat-embed-websocket\9.0.33\tomcat-embed-websocket-9.0.33.jar;D:\apache-maven-3.6.3\mvnrep\org\springframework\boot\spring-boot-starter-validation\2.2.6.RELEASE\spring-boot-starter-validation-2.2.6.RELEASE.jar;D:\apache-maven-3.6.3\mvnrep\jakarta\validation\jakarta.validation-api\2.0.2\jakarta.validation-api-2.0.2.jar;D:\apache-maven-3.6.3\mvnrep\org\hibernate\validator\hibernate-validator\6.0.18.Final\hibernate-validator-6.0.18.Final.jar;D:\apache-maven-3.6.3\mvnrep\org\jboss\logging\jboss-logging\3.4.1.Final\jboss-logging-3.4.1.Final.jar;D:\apache-maven-3.6.3\mvnrep\com\fasterxml\classmate\1.5.1\classmate-1.5.1.jar;D:\apache-maven-3.6.3\mvnrep\org\springframework\spring-web\5.2.5.RELEASE\spring-web-5.2.5.RELEASE.jar;D:\apache-maven-3.6.3\mvnrep\org\springframework\spring-beans\5.2.5.RELEASE\spring-beans-5.2.5.RELEASE.jar;D:\apache-maven-3.6.3\mvnrep\org\springframework\spring-webmvc\5.2.5.RELEASE\spring-webmvc-5.2.5.RELEASE.jar;D:\apache-maven-3.6.3\mvnrep\org\springframework\spring-aop\5.2.5.RELEASE\spring-aop-5.2.5.RELEASE.jar;D:\apache-maven-3.6.3\mvnrep\org\springframework\spring-context\5.2.5.RELEASE\spring-context-5.2.5.RELEASE.jar;D:\apache-maven-3.6.3\mvnrep\org\springframework\spring-expression\5.2.5.RELEASE\spring-expression-5.2.5.RELEASE.jar;D:\apache-maven-3.6.3\mvnrep\org\springframework\boot\spring-boot-devtools\2.2.6.RELEASE\spring-boot-devtools-2.2.6.RELEASE.jar;D:\apache-maven-3.6.3\mvnrep\org\springframework\boot\spring-boot\2.2.6.RELEASE\spring-boot-2.2.6.RELEASE.jar;D:\apache-maven-3.6.3\mvnrep\org\projectlombok\lombok\1.18.12\lombok-1.18.12.jar;D:\apache-maven-3.6.3\mvnrep\org\springframework\boot\spring-boot-starter-test\2.2.6.RELEASE\spring-boot-starter-test-2.2.6.RELEASE.jar;D:\apache-maven-3.6.3\mvnrep\org\springframework\boot\spring-boot-test\2.2.6.RELEASE\spring-boot-test-2.2.6.RELEASE.jar;D:\apache-maven-3.6.3\mvnrep\org\springframework\boot\spring-boot-test-autoconfigure\2.2.6.RELEASE\spring-boot-test-autoconfigure-2.2.6.RELEASE.jar;D:\apache-maven-3.6.3\mvnrep\com\jayway\jsonpath\json-path\2.4.0\json-path-2.4.0.jar;D:\apache-maven-3.6.3\mvnrep\net\minidev\json-smart\2.3\json-smart-2.3.jar;D:\apache-maven-3.6.3\mvnrep\net\minidev\accessors-smart\1.2\accessors-smart-1.2.jar;D:\apache-maven-3.6.3\mvnrep\org\ow2\asm\asm\5.0.4\asm-5.0.4.jar;D:\apache-maven-3.6.3\mvnrep\jakarta\xml\bind\jakarta.xml.bind-api\2.3.3\jakarta.xml.bind-api-2.3.3.jar;D:\apache-maven-3.6.3\mvnrep\jakarta\activation\jakarta.activation-api\1.2.2\jakarta.activation-api-1.2.2.jar;D:\apache-maven-3.6.3\mvnrep\org\junit\jupiter\junit-jupiter\5.5.2\junit-jupiter-5.5.2.jar;D:\apache-maven-3.6.3\mvnrep\org\junit\jupiter\junit-jupiter-api\5.5.2\junit-jupiter-api-5.5.2.jar;D:\apache-maven-3.6.3\mvnrep\org\apiguardian\apiguardian-api\1.1.0\apiguardian-api-1.1.0.jar;D:\apache-maven-3.6.3\mvnrep\org\opentest4j\opentest4j\1.2.0\opentest4j-1.2.0.jar;D:\apache-maven-3.6.3\mvnrep\org\junit\platform\junit-platform-commons\1.5.2\junit-platform-commons-1.5.2.jar;D:\apache-maven-3.6.3\mvnrep\org\junit\jupiter\junit-jupiter-params\5.5.2\junit-jupiter-params-5.5.2.jar;D:\apache-maven-3.6.3\mvnrep\org\junit\jupiter\junit-jupiter-engine\5.5.2\junit-jupiter-engine-5.5.2.jar;D:\apache-maven-3.6.3\mvnrep\org\junit\platform\junit-platform-engine\1.5.2\junit-platform-engine-1.5.2.jar;D:\apache-maven-3.6.3\mvnrep\org\mockito\mockito-junit-jupiter\3.1.0\mockito-junit-jupiter-3.1.0.jar;D:\apache-maven-3.6.3\mvnrep\org\assertj\assertj-core\3.13.2\assertj-core-3.13.2.jar;D:\apache-maven-3.6.3\mvnrep\org\hamcrest\hamcrest\2.1\hamcrest-2.1.jar;D:\apache-maven-3.6.3\mvnrep\org\mockito\mockito-core\3.1.0\mockito-core-3.1.0.jar;D:\apache-maven-3.6.3\mvnrep\net\bytebuddy\byte-buddy\1.10.8\byte-buddy-1.10.8.jar;D:\apache-maven-3.6.3\mvnrep\net\bytebuddy\byte-buddy-agent\1.10.8\byte-buddy-agent-1.10.8.jar;D:\apache-maven-3.6.3\mvnrep\org\objenesis\objenesis\2.6\objenesis-2.6.jar;D:\apache-maven-3.6.3\mvnrep\org\skyscreamer\jsonassert\1.5.0\jsonassert-1.5.0.jar;D:\apache-maven-3.6.3\mvnrep\com\vaadin\external\google\android-json\0.0.20131108.vaadin1\android-json-0.0.20131108.vaadin1.jar;D:\apache-maven-3.6.3\mvnrep\org\springframework\spring-core\5.2.5.RELEASE\spring-core-5.2.5.RELEASE.jar;D:\apache-maven-3.6.3\mvnrep\org\springframework\spring-jcl\5.2.5.RELEASE\spring-jcl-5.2.5.RELEASE.jar;D:\apache-maven-3.6.3\mvnrep\org\springframework\spring-test\5.2.5.RELEASE\spring-test-5.2.5.RELEASE.jar;D:\apache-maven-3.6.3\mvnrep\org\xmlunit\xmlunit-core\2.6.4\xmlunit-core-2.6.4.jar;D:\apache-maven-3.6.3\mvnrep\com\baomidou\mybatis-plus-boot-starter\3.2.0\mybatis-plus-boot-starter-3.2.0.jar;D:\apache-maven-3.6.3\mvnrep\com\baomidou\mybatis-plus\3.2.0\mybatis-plus-3.2.0.jar;D:\apache-maven-3.6.3\mvnrep\org\springframework\boot\spring-boot-starter-jdbc\2.2.6.RELEASE\spring-boot-starter-jdbc-2.2.6.RELEASE.jar;D:\apache-maven-3.6.3\mvnrep\com\zaxxer\HikariCP\3.4.2\HikariCP-3.4.2.jar;D:\apache-maven-3.6.3\mvnrep\org\springframework\spring-jdbc\5.2.5.RELEASE\spring-jdbc-5.2.5.RELEASE.jar;D:\apache-maven-3.6.3\mvnrep\org\springframework\spring-tx\5.2.5.RELEASE\spring-tx-5.2.5.RELEASE.jar;D:\apache-maven-3.6.3\mvnrep\org\springframework\boot\spring-boot-starter-freemarker\2.2.6.RELEASE\spring-boot-starter-freemarker-2.2.6.RELEASE.jar;D:\apache-maven-3.6.3\mvnrep\org\freemarker\freemarker\2.3.30\freemarker-2.3.30.jar;D:\apache-maven-3.6.3\mvnrep\org\springframework\spring-context-support\5.2.5.RELEASE\spring-context-support-5.2.5.RELEASE.jar;D:\apache-maven-3.6.3\mvnrep\mysql\mysql-connector-java\8.0.19\mysql-connector-java-8.0.19.jar;D:\apache-maven-3.6.3\mvnrep\com\baomidou\mybatis-plus-generator\3.2.0\mybatis-plus-generator-3.2.0.jar;D:\apache-maven-3.6.3\mvnrep\com\baomidou\mybatis-plus-extension\3.2.0\mybatis-plus-extension-3.2.0.jar;D:\apache-maven-3.6.3\mvnrep\com\baomidou\mybatis-plus-core\3.2.0\mybatis-plus-core-3.2.0.jar;D:\apache-maven-3.6.3\mvnrep\com\baomidou\mybatis-plus-annotation\3.2.0\mybatis-plus-annotation-3.2.0.jar;D:\apache-maven-3.6.3\mvnrep\com\github\jsqlparser\jsqlparser\2.1\jsqlparser-2.1.jar;D:\apache-maven-3.6.3\mvnrep\org\mybatis\mybatis\3.5.2\mybatis-3.5.2.jar;D:\apache-maven-3.6.3\mvnrep\org\mybatis\mybatis-spring\2.0.2\mybatis-spring-2.0.2.jar;"/>
    <property name="sun.cpu.endian" value="little"/>
    <property name="user.home" value="C:\Users\hp"/>
    <property name="user.language" value="zh"/>
    <property name="java.specification.vendor" value="Oracle Corporation"/>
    <property name="java.version.date" value="2018-07-17"/>
    <property name="java.home" value="C:\Program Files\Java\jdk10.0.2"/>
    <property name="file.separator" value="\"/>
    <property name="basedir" value="D:\Project\Idea Project\vueblog"/>
    <property name="java.vm.compressedOopsMode" value="Zero based"/>
    <property name="line.separator" value="&#10;"/>
    <property name="java.specification.name" value="Java Platform API Specification"/>
    <property name="java.vm.specification.vendor" value="Oracle Corporation"/>
    <property name="java.awt.graphicsenv" value="sun.awt.Win32GraphicsEnvironment"/>
    <property name="surefire.real.class.path" value="C:\Users\hp\AppData\Local\Temp\surefire6031114984105362933\surefirebooter13287005464623060751.jar"/>
    <property name="user.script" value=""/>
    <property name="sun.management.compiler" value="HotSpot 64-Bit Tiered Compilers"/>
    <property name="java.runtime.version" value="10.0.2+13"/>
    <property name="user.name" value="hp"/>
    <property name="path.separator" value=";"/>
    <property name="os.version" value="10.0"/>
    <property name="java.runtime.name" value="Java(TM) SE Runtime Environment"/>
    <property name="file.encoding" value="GBK"/>
    <property name="java.vm.name" value="Java HotSpot(TM) 64-Bit Server VM"/>
    <property name="java.vendor.version" value="18.3"/>
    <property name="localRepository" value="D:\apache-maven-3.6.3\mvnrep"/>
    <property name="java.vendor.url.bug" value="http://bugreport.java.com/bugreport/"/>
    <property name="java.io.tmpdir" value="C:\Users\hp\AppData\Local\Temp\"/>
    <property name="java.version" value="10.0.2"/>
    <property name="user.dir" value="D:\Project\Idea Project\vueblog"/>
    <property name="os.arch" value="amd64"/>
    <property name="java.vm.specification.name" value="Java Virtual Machine Specification"/>
    <property name="java.awt.printerjob" value="sun.awt.windows.WPrinterJob"/>
    <property name="sun.os.patch.level" value=""/>
    <property name="idea.version2019.3.3" value="true"/>
    <property name="java.library.path" value="C:\Program Files\Java\jdk10.0.2\bin;C:\windows\Sun\Java\bin;C:\windows\system32;C:\windows;D:\XShell\;C:\windows\system32;C:\windows;C:\windows\System32\Wbem;C:\windows\System32\WindowsPowerShell\v1.0\;C:\windows\System32\OpenSSH\;C:\Program Files\Java\jdk10.0.2\bin;D:\apache-tomcat-8.5.54\bin;C:\Program Files\MySQL\MySQL Server 8.0\bin;D:\Git\bin;C:\Program Files\nodejs\;C:\Users\hp\AppData\Local\Microsoft\WindowsApps;;D:\Microsoft VS Code\bin;C:\Users\hp\AppData\Roaming\npm;."/>
    <property name="java.vendor" value="Oracle Corporation"/>
    <property name="java.vm.info" value="mixed mode"/>
    <property name="java.vm.version" value="10.0.2+13"/>
    <property name="sun.io.unicode.encoding" value="UnicodeLittle"/>
    <property name="java.class.version" value="54.0"/>
  </properties>
  <testcase name="contextLoads" classname="com.syb.VueblogApplicationTests" time="0.43"/>
</testsuite>